┌─────────────┐
│ user_exists │
│   boolean   │
├─────────────┤
│ false       │
└─────────────┘
┌────────┐
│ new_id │
│ int64  │
├────────┤
│    503 │
└────────┘
┌───────┬───────────┬────────────┬──────────┬──────────┐
│  uID  │   name    │    DOB     │ language │ password │
│ int32 │  varchar  │    date    │ varchar  │ varchar  │
├───────┼───────────┼────────────┼──────────┼──────────┤
│ 54321 │ r10b-user │ 2000-01-01 │ English  │ random   │
└───────┴───────────┴────────────┴──────────┴──────────┘
┌───────────────┐
│ authenticated │
│    boolean    │
├───────────────┤
│ true          │
└───────────────┘
┌───────────────┐
│ authenticated │
│    boolean    │
├───────────────┤
│ false         │
└───────────────┘