// changed to search for 'short' titleType, search for originalTitle of 'only', search for 'Short' in genre and the name James Cagney


┌───────────┬──────────────┬─────────────┬───────────────┬─────────┬───────────┐
│    tID    │ primaryTitle │ releaseYear │ averageRating │ isAdult │ titleType │
│  varchar  │   varchar    │    int32    │    double     │ boolean │  varchar  │
├───────────┼──────────────┼─────────────┼───────────────┼─────────┼───────────┤
│ tt0000041 │ testShort 2  │        1895 │           8.7 │ false   │ short     │
│ tt0000044 │ testShort 2  │        1895 │           5.3 │ false   │ short     │
│ tt0000028 │ testShort 2  │        1895 │           5.3 │ false   │ short     │
│ tt0000040 │ testShort 2  │        1895 │           2.3 │ false   │ short     │
│ tt0000036 │ testShort 2  │        1895 │           5.0 │ false   │ short     │
│ tt0000012 │ testShort 2  │        1895 │           4.6 │ false   │ short     │
│ tt0000037 │ testShort 2  │        1895 │           2.3 │ false   │ short     │
│ tt0000022 │ testShort 2  │        1895 │           4.6 │ false   │ short     │
│ tt0000025 │ testShort 2  │        1895 │           5.3 │ false   │ short     │
│ tt0000038 │ testShort 2  │        1895 │           5.3 │ false   │ short     │
│ tt0000032 │ testShort 2  │        1895 │           4.6 │ false   │ short     │
│ tt0000030 │ testShort 2  │        1895 │           2.3 │ false   │ short     │
│ tt0000020 │ testShort 2  │        1895 │           6.8 │ false   │ short     │
│ tt0000033 │ testShort 2  │        1895 │           1.5 │ false   │ short     │
│ tt0000043 │ testShort 2  │        1895 │           1.5 │ false   │ short     │
│ tt0000029 │ testShort 2  │        1895 │           5.0 │ false   │ short     │
│ tt0000018 │ testShort 2  │        1895 │           5.4 │ false   │ short     │
│ tt0000034 │ testShort 2  │        1895 │           5.3 │ false   │ short     │
│ tt0000035 │ testShort 2  │        1895 │           5.3 │ false   │ short     │
│ tt0000042 │ testShort 2  │        1895 │           4.6 │ false   │ short     │
│ tt0000027 │ testShort 2  │        1895 │           2.3 │ false   │ short     │
│ tt0000016 │ testShort 2  │        1895 │           5.0 │ false   │ short     │
│ tt0000023 │ testShort 2  │        1895 │           1.5 │ false   │ short     │
│ tt0000021 │ testShort 2  │        1895 │           8.7 │ false   │ short     │
│ tt0000031 │ testShort 2  │        1895 │           8.7 │ false   │ short     │
│ tt0000039 │ testShort 2  │        1895 │           5.0 │ false   │ short     │
│ tt0000046 │ testShort 2  │        1895 │           5.0 │ false   │ short     │
│ tt0000024 │ testShort 2  │        1895 │           5.3 │ false   │ short     │
│ tt0000026 │ testShort 2  │        1895 │           5.0 │ false   │ short     │
│ tt0000047 │ testShort 2  │        1895 │           2.3 │ false   │ short     │
│ tt0000011 │ testShort 2  │        1895 │           8.7 │ false   │ short     │
├───────────┴──────────────┴─────────────┴───────────────┴─────────┴───────────┤
│ 31 rows                                                            6 columns │
└──────────────────────────────────────────────────────────────────────────────┘